<?xml version="1.0" encoding="UTF-8"?>
<testsuite name="TwoferTest" tests="3" skipped="0" failures="0" errors="0" timestamp="2019-12-26T07:40:03" hostname="INNaveenGaddis-MacBook-Pro.local" time="0.017">
  <properties/>
  <testcase name="noNameGiven" classname="TwoferTest" time="0.009"/>
  <testcase name="aNameGiven" classname="TwoferTest" time="0.007"/>
  <testcase name="anotherNameGiven" classname="TwoferTest" time="0.001"/>
  <system-out><![CDATA[]]></system-out>
  <system-err><![CDATA[]]></system-err>
</testsuite>
